<?xml version="1.0" encoding="UTF-8"?>
<testng-results skipped="0" failed="0" total="6" passed="6">
  <reporter-output>
  </reporter-output>
  <suite name="Default suite" duration-ms="13093" started-at="2018-10-23T17:15:36Z" finished-at="2018-10-23T17:15:49Z">
    <groups>
    </groups>
    <test name="Default test" duration-ms="13093" started-at="2018-10-23T17:15:36Z" finished-at="2018-10-23T17:15:49Z">
      <class name="com.ontestautomation.restassured.datadriven.RestAssuredDataDrivenTests">
        <test-method status="PASS" signature="circuitLocationTest(java.lang.String, java.lang.String)[pri:0, instance:com.ontestautomation.restassured.datadriven.RestAssuredDataDrivenTests@6d78f375]" name="circuitLocationTest" duration-ms="8115" started-at="2018-10-23T22:45:36Z" data-provider="circuitLocations" finished-at="2018-10-23T22:45:44Z">
          <params>
            <param index="0">
              <value>
                <![CDATA[adelaide]]>
              </value>
            </param>
            <param index="1">
              <value>
                <![CDATA[Australia]]>
              </value>
            </param>
          </params>
          <reporter-output>
          </reporter-output>
        </test-method> <!-- circuitLocationTest -->
        <test-method status="PASS" signature="circuitLocationTest(java.lang.String, java.lang.String)[pri:0, instance:com.ontestautomation.restassured.datadriven.RestAssuredDataDrivenTests@6d78f375]" name="circuitLocationTest" duration-ms="405" started-at="2018-10-23T22:45:44Z" data-provider="circuitLocations" finished-at="2018-10-23T22:45:44Z">
          <params>
            <param index="0">
              <value>
                <![CDATA[detroit]]>
              </value>
            </param>
            <param index="1">
              <value>
                <![CDATA[USA]]>
              </value>
            </param>
          </params>
          <reporter-output>
          </reporter-output>
        </test-method> <!-- circuitLocationTest -->
        <test-method status="PASS" signature="circuitLocationTest(java.lang.String, java.lang.String)[pri:0, instance:com.ontestautomation.restassured.datadriven.RestAssuredDataDrivenTests@6d78f375]" name="circuitLocationTest" duration-ms="2753" started-at="2018-10-23T22:45:44Z" data-provider="circuitLocations" finished-at="2018-10-23T22:45:47Z">
          <params>
            <param index="0">
              <value>
                <![CDATA[george]]>
              </value>
            </param>
            <param index="1">
              <value>
                <![CDATA[South Africa]]>
              </value>
            </param>
          </params>
          <reporter-output>
          </reporter-output>
        </test-method> <!-- circuitLocationTest -->
        <test-method status="PASS" signature="md5JsonTest(java.lang.String, java.lang.String)[pri:0, instance:com.ontestautomation.restassured.datadriven.RestAssuredDataDrivenTests@6d78f375]" name="md5JsonTest" duration-ms="1003" started-at="2018-10-23T22:45:47Z" data-provider="md5hashes" finished-at="2018-10-23T22:45:48Z">
          <params>
            <param index="0">
              <value>
                <![CDATA[testcaseOne]]>
              </value>
            </param>
            <param index="1">
              <value>
                <![CDATA[4ff1c9b1d1f23c6def53f957b1ed827f]]>
              </value>
            </param>
          </params>
          <reporter-output>
          </reporter-output>
        </test-method> <!-- md5JsonTest -->
        <test-method status="PASS" signature="md5JsonTest(java.lang.String, java.lang.String)[pri:0, instance:com.ontestautomation.restassured.datadriven.RestAssuredDataDrivenTests@6d78f375]" name="md5JsonTest" duration-ms="338" started-at="2018-10-23T22:45:48Z" data-provider="md5hashes" finished-at="2018-10-23T22:45:49Z">
          <params>
            <param index="0">
              <value>
                <![CDATA[testcaseTwo]]>
              </value>
            </param>
            <param index="1">
              <value>
                <![CDATA[39738347fb533d798aca9ae0f56ca126]]>
              </value>
            </param>
          </params>
          <reporter-output>
          </reporter-output>
        </test-method> <!-- md5JsonTest -->
        <test-method status="PASS" signature="md5JsonTest(java.lang.String, java.lang.String)[pri:0, instance:com.ontestautomation.restassured.datadriven.RestAssuredDataDrivenTests@6d78f375]" name="md5JsonTest" duration-ms="378" started-at="2018-10-23T22:45:49Z" data-provider="md5hashes" finished-at="2018-10-23T22:45:49Z">
          <params>
            <param index="0">
              <value>
                <![CDATA[testcaseThree]]>
              </value>
            </param>
            <param index="1">
              <value>
                <![CDATA[db6b151bb4bde46fddb361043bc3e2d9]]>
              </value>
            </param>
          </params>
          <reporter-output>
          </reporter-output>
        </test-method> <!-- md5JsonTest -->
      </class> <!-- com.ontestautomation.restassured.datadriven.RestAssuredDataDrivenTests -->
    </test> <!-- Default test -->
  </suite> <!-- Default suite -->
</testng-results>
