<?xml version="1.0" encoding="UTF-8"?>
<!-- Generated by org.testng.reporters.JUnitXMLReporter -->
<testsuite hostname="Shravani" name="Default test" tests="6" failures="0" timestamp="23 Oct 2018 17:15:49 GMT" time="13.093" errors="0">
  <testcase name="circuitLocationTest" time="8.115" classname="com.ontestautomation.restassured.datadriven.RestAssuredDataDrivenTests"/>
  <testcase name="circuitLocationTest" time="0.405" classname="com.ontestautomation.restassured.datadriven.RestAssuredDataDrivenTests"/>
  <testcase name="circuitLocationTest" time="2.753" classname="com.ontestautomation.restassured.datadriven.RestAssuredDataDrivenTests"/>
  <testcase name="md5JsonTest" time="1.003" classname="com.ontestautomation.restassured.datadriven.RestAssuredDataDrivenTests"/>
  <testcase name="md5JsonTest" time="0.338" classname="com.ontestautomation.restassured.datadriven.RestAssuredDataDrivenTests"/>
  <testcase name="md5JsonTest" time="0.378" classname="com.ontestautomation.restassured.datadriven.RestAssuredDataDrivenTests"/>
</testsuite> <!-- Default test -->
