<?xml version="1.0" encoding="UTF-8"?>
<!-- Generated by org.testng.reporters.JUnitXMLReporter -->
<testsuite hostname="Lab2-8" name="Test" tests="11" failures="0" timestamp="25 Sep 2016 11:11:46 GMT" time="0.182" errors="0">
  <testcase name="f2" time="0.0" classname="TestNG.Sequence">
    <skipped/>
  </testcase> <!-- f2 -->
  <testcase name="f3" time="0.001" classname="TestNG.Sequence"/>
  <testcase name="f3" time="0.002" classname="TestNG.Sequence"/>
  <testcase name="f7" time="0.003" classname="TestNG.Sequence"/>
  <testcase name="f7" time="0.002" classname="TestNG.Sequence"/>
  <testcase name="f1" time="0.004" classname="TestNG.Sequence"/>
  <testcase name="f1" time="0.002" classname="TestNG.Sequence"/>
  <testcase name="f6" time="0.002" classname="TestNG.Sequence"/>
  <testcase name="f6" time="0.002" classname="TestNG.Sequence"/>
  <testcase name="f5" time="0.002" classname="TestNG.Sequence"/>
  <testcase name="f5" time="0.004" classname="TestNG.Sequence"/>
</testsuite> <!-- Test -->
